<?xml version="1.0" encoding="UTF-8"?>
<!-- Generated by org.testng.reporters.JUnitReportReporter -->
<testsuite skipped="0" hostname="DESKTOP-IU8DGVT" name="com.nikhil.grp.MyArtifactId.WebDriverManagerTry" tests="2" failures="0" timestamp="14 Apr 2020 20:39:04 GMT" time="11.886" errors="0">
  <testcase name="setupTest" time="7.705" classname="com.nikhil.grp.MyArtifactId.WebDriverManagerTry"/>
  <testcase name="openGoogleTest" time="4.181" classname="com.nikhil.grp.MyArtifactId.WebDriverManagerTry"/>
</testsuite> <!-- com.nikhil.grp.MyArtifactId.WebDriverManagerTry -->
